Library/Bee/Android/Prj/IL2CPP/Gradle/launcher/build/intermediates/manifest_merge_blame_file/release/manifest-merger-blame-release-report.txt
1<?xml version="1.0" encoding="utf-8"?>
2<manifest xmlns:android="http://schemas.android.com/apk/res/android"
3    package="com.UTECProyecto.ProyectoAR"
4    android:installLocation="preferExternal"
5    android:versionCode="1"
6    android:versionName="0.1" >
7
8    <uses-sdk
9        android:minSdkVersion="24"
9-->src\main\AndroidManifest.xml
10        android:targetSdkVersion="32" />
10-->src\main\AndroidManifest.xml
11
12    <supports-screens
12-->src\main\AndroidManifest.xml:4:3-163
13        android:anyDensity="true"
13-->src\main\AndroidManifest.xml:4:135-160
14        android:largeScreens="true"
14-->src\main\AndroidManifest.xml:4:78-105
15        android:normalScreens="true"
15-->src\main\AndroidManifest.xml:4:49-77
16        android:smallScreens="true"
16-->src\main\AndroidManifest.xml:4:21-48
17        android:xlargeScreens="true" />
17-->src\main\AndroidManifest.xml:4:106-134
18
19    <uses-permission android:name="android.permission.INTERNET" />
19-->[:unityLibrary] AndroidManifest.xml:10:5-67
19-->[:unityLibrary] AndroidManifest.xml:10:22-64
20    <uses-permission android:name="android.permission.ACCESS_FINE_LOCATION" />
20-->[:unityLibrary] AndroidManifest.xml:11:5-79
20-->[:unityLibrary] AndroidManifest.xml:11:22-76
21    <uses-permission android:name="android.permission.ACCESS_COARSE_LOCATION" />
21-->[:unityLibrary] AndroidManifest.xml:12:5-81
21-->[:unityLibrary] AndroidManifest.xml:12:22-78
22
23    <uses-feature android:glEsVersion="0x00030000" />
23-->[:unityLibrary] AndroidManifest.xml:14:5-54
23-->[:unityLibrary] AndroidManifest.xml:14:19-51
24    <uses-feature
24-->[:unityLibrary] AndroidManifest.xml:15:5-17:36
25        android:name="android.hardware.location.gps"
25-->[:unityLibrary] AndroidManifest.xml:16:9-53
26        android:required="false" />
26-->[:unityLibrary] AndroidManifest.xml:17:9-33
27    <uses-feature
27-->[:unityLibrary] AndroidManifest.xml:18:5-20:36
28        android:name="android.hardware.location"
28-->[:unityLibrary] AndroidManifest.xml:19:9-49
29        android:required="false" />
29-->[:unityLibrary] AndroidManifest.xml:20:9-33
30    <uses-feature
30-->[:unityLibrary] AndroidManifest.xml:21:5-23:36
31        android:name="android.hardware.sensor.accelerometer"
31-->[:unityLibrary] AndroidManifest.xml:22:9-61
32        android:required="false" />
32-->[:unityLibrary] AndroidManifest.xml:23:9-33
33    <uses-feature
33-->[:unityLibrary] AndroidManifest.xml:24:5-26:36
34        android:name="android.hardware.touchscreen"
34-->[:unityLibrary] AndroidManifest.xml:25:9-52
35        android:required="false" />
35-->[:unityLibrary] AndroidManifest.xml:26:9-33
36    <uses-feature
36-->[:unityLibrary] AndroidManifest.xml:27:5-29:36
37        android:name="android.hardware.touchscreen.multitouch"
37-->[:unityLibrary] AndroidManifest.xml:28:9-63
38        android:required="false" />
38-->[:unityLibrary] AndroidManifest.xml:29:9-33
39    <uses-feature
39-->[:unityLibrary] AndroidManifest.xml:30:5-32:36
40        android:name="android.hardware.touchscreen.multitouch.distinct"
40-->[:unityLibrary] AndroidManifest.xml:31:9-72
41        android:required="false" />
41-->[:unityLibrary] AndroidManifest.xml:32:9-33
42
43    <uses-permission android:name="android.permission.CAMERA" />
43-->[:unityLibrary] AndroidManifest.xml:34:5-65
43-->[:unityLibrary] AndroidManifest.xml:34:22-62
44    <uses-permission android:name="android.permission.READ_EXTERNAL_STORAGE" />
44-->[:unityLibrary] AndroidManifest.xml:35:5-80
44-->[:unityLibrary] AndroidManifest.xml:35:22-77
45
46    <queries>
46-->[:unityLibrary] AndroidManifest.xml:37:5-39:15
47        <package android:name="com.google.ar.core" />
47-->[:unityLibrary] AndroidManifest.xml:38:9-54
47-->[:unityLibrary] AndroidManifest.xml:38:18-51
48    </queries>
49
50    <uses-permission
50-->[:unityLibrary] AndroidManifest.xml:41:5-43:36
51        android:name="android.hardware.camera.ar"
51-->[:unityLibrary] AndroidManifest.xml:42:9-50
52        android:required="false" />
52-->[:unityLibrary] AndroidManifest.xml:43:9-33
53
54    <uses-feature
54-->[:unityLibrary] AndroidManifest.xml:45:5-47:35
55        android:name="android.hardware.camera.ar"
55-->[:unityLibrary] AndroidManifest.xml:46:9-50
56        android:required="true" />
56-->[:unityLibrary] AndroidManifest.xml:47:9-32
57    <uses-feature
57-->[:unityLibrary] AndroidManifest.xml:48:5-50:35
58        android:name="com.google.ar.core.depth"
58-->[:unityLibrary] AndroidManifest.xml:49:9-48
59        android:required="true" />
59-->[:unityLibrary] AndroidManifest.xml:50:9-32
60
61    <application
61-->src\main\AndroidManifest.xml:3:3-83
62        android:extractNativeLibs="true"
62-->[:unityLibrary] AndroidManifest.xml:52:18-50
63        android:icon="@mipmap/app_icon"
63-->src\main\AndroidManifest.xml:3:49-80
64        android:label="@string/app_name" >
64-->src\main\AndroidManifest.xml:3:16-48
65        <meta-data
65-->[:unityLibrary] AndroidManifest.xml:53:9-55:33
66            android:name="unity.splash-mode"
66-->[:unityLibrary] AndroidManifest.xml:54:13-45
67            android:value="0" />
67-->[:unityLibrary] AndroidManifest.xml:55:13-30
68        <meta-data
68-->[:unityLibrary] AndroidManifest.xml:56:9-58:36
69            android:name="unity.splash-enable"
69-->[:unityLibrary] AndroidManifest.xml:57:13-47
70            android:value="True" />
70-->[:unityLibrary] AndroidManifest.xml:58:13-33
71        <meta-data
71-->[:unityLibrary] AndroidManifest.xml:59:9-61:36
72            android:name="unity.launch-fullscreen"
72-->[:unityLibrary] AndroidManifest.xml:60:13-51
73            android:value="True" />
73-->[:unityLibrary] AndroidManifest.xml:61:13-33
74        <meta-data
74-->[:unityLibrary] AndroidManifest.xml:62:9-64:37
75            android:name="unity.allow-resizable-window"
75-->[:unityLibrary] AndroidManifest.xml:63:13-56
76            android:value="False" />
76-->[:unityLibrary] AndroidManifest.xml:64:13-34
77        <meta-data
77-->[:unityLibrary] AndroidManifest.xml:65:9-67:50
78            android:name="notch.config"
78-->[:unityLibrary] AndroidManifest.xml:66:13-40
79            android:value="portrait|landscape" />
79-->[:unityLibrary] AndroidManifest.xml:67:13-47
80        <meta-data
80-->[:unityLibrary] AndroidManifest.xml:68:9-70:36
81            android:name="unity.auto-report-fully-drawn"
81-->[:unityLibrary] AndroidManifest.xml:69:13-57
82            android:value="true" />
82-->[:unityLibrary] AndroidManifest.xml:70:13-33
83
84        <activity
84-->[:unityLibrary] AndroidManifest.xml:72:9-93:20
85            android:name="com.unity3d.player.UnityPlayerActivity"
85-->[:unityLibrary] AndroidManifest.xml:73:13-66
86            android:configChanges="mcc|mnc|locale|touchscreen|keyboard|keyboardHidden|navigation|orientation|screenLayout|uiMode|screenSize|smallestScreenSize|fontScale|layoutDirection|density"
86-->[:unityLibrary] AndroidManifest.xml:74:13-194
87            android:exported="true"
87-->[:unityLibrary] AndroidManifest.xml:75:13-36
88            android:hardwareAccelerated="false"
88-->[:unityLibrary] AndroidManifest.xml:76:13-48
89            android:launchMode="singleTask"
89-->[:unityLibrary] AndroidManifest.xml:77:13-44
90            android:resizeableActivity="false"
90-->[:unityLibrary] AndroidManifest.xml:78:13-47
91            android:screenOrientation="fullUser"
91-->[:unityLibrary] AndroidManifest.xml:79:13-49
92            android:theme="@style/UnityThemeSelector" >
92-->[:unityLibrary] AndroidManifest.xml:80:13-54
93            <intent-filter>
93-->[:unityLibrary] AndroidManifest.xml:81:13-85:29
94                <category android:name="android.intent.category.LAUNCHER" />
94-->[:unityLibrary] AndroidManifest.xml:82:17-77
94-->[:unityLibrary] AndroidManifest.xml:82:27-74
95
96                <action android:name="android.intent.action.MAIN" />
96-->[:unityLibrary] AndroidManifest.xml:84:17-69
96-->[:unityLibrary] AndroidManifest.xml:84:25-66
97            </intent-filter>
98
99            <meta-data
99-->[:unityLibrary] AndroidManifest.xml:87:13-89:40
100                android:name="unityplayer.UnityActivity"
100-->[:unityLibrary] AndroidManifest.xml:88:17-57
101                android:value="true" />
101-->[:unityLibrary] AndroidManifest.xml:89:17-37
102            <meta-data
102-->[:unityLibrary] AndroidManifest.xml:90:13-92:40
103                android:name="notch_support"
103-->[:unityLibrary] AndroidManifest.xml:91:17-45
104                android:value="true" />
104-->[:unityLibrary] AndroidManifest.xml:92:17-37
105        </activity>
106
107        <uses-native-library
107-->[:unityLibrary] AndroidManifest.xml:95:9-97:40
108            android:name="libOpenCL-pixel.so"
108-->[:unityLibrary] AndroidManifest.xml:96:13-46
109            android:required="false" />
109-->[:unityLibrary] AndroidManifest.xml:97:13-37
110        <uses-native-library
110-->[:unityLibrary] AndroidManifest.xml:95:9-97:40
111            android:name="libOpenCL.so"
111-->[:unityLibrary] AndroidManifest.xml:96:13-46
112            android:required="false" />
112-->[:unityLibrary] AndroidManifest.xml:97:13-37
113
114        <activity
114-->[:unityLibrary] AndroidManifest.xml:102:9-106:46
115            android:name="com.google.ar.core.InstallActivity"
115-->[:unityLibrary] AndroidManifest.xml:103:13-62
116            android:configChanges="keyboardHidden|orientation|screenSize"
116-->[:unityLibrary] AndroidManifest.xml:104:13-74
117            android:excludeFromRecents="true"
117-->[:unityLibrary] AndroidManifest.xml:105:13-46
118            android:exported="false"
118-->[:arcore_client:] AndroidManifest.xml:44:13-37
119            android:launchMode="singleTop"
119-->[:unityLibrary] AndroidManifest.xml:106:13-43
120            android:theme="@android:style/Theme.Material.Light.Dialog.Alert" />
120-->[:arcore_client:] AndroidManifest.xml:46:13-77
121
122        <meta-data
122-->[:unityLibrary] AndroidManifest.xml:108:9-110:40
123            android:name="com.google.ar.core"
123-->[:unityLibrary] AndroidManifest.xml:109:13-46
124            android:value="required" />
124-->[:unityLibrary] AndroidManifest.xml:110:13-37
125        <meta-data
125-->[:unityLibrary] AndroidManifest.xml:111:9-113:36
126            android:name="unityplayer.SkipPermissionsDialog"
126-->[:unityLibrary] AndroidManifest.xml:112:13-61
127            android:value="true" /> <!-- The minimal version code of ARCore APK required for an app using this SDK. -->
127-->[:unityLibrary] AndroidManifest.xml:113:13-33
128        <meta-data
128-->[:arcore_client:] AndroidManifest.xml:36:9-38:41
129            android:name="com.google.ar.core.min_apk_version"
129-->[:arcore_client:] AndroidManifest.xml:37:13-62
130            android:value="220920000" />
130-->[:arcore_client:] AndroidManifest.xml:38:13-38
131    </application>
132
133</manifest>